<?xml version="1.0" encoding="UTF-8"?>
<testsuite name="com.csc.TestCalculator" tests="12" skipped="0" failures="0" errors="0" timestamp="2024-12-11T15:56:48" hostname="Akshats-MacBook-Air.local" time="0.128">
  <properties/>
  <testcase name="testSquareNumbers()" classname="com.csc.TestCalculator" time="0.03"/>
  <testcase name="testOddsOnly()" classname="com.csc.TestCalculator" time="0.003"/>
  <testcase name="testAddFive()" classname="com.csc.TestCalculator" time="0.005"/>
  <testcase name="testAverageUsingForLoop()" classname="com.csc.TestCalculator" time="0.007"/>
  <testcase name="testSumUsingStream()" classname="com.csc.TestCalculator" time="0.003"/>
  <testcase name="testMinimumUsingStream()" classname="com.csc.TestCalculator" time="0.004"/>
  <testcase name="testEvensOnly()" classname="com.csc.TestCalculator" time="0.001"/>
  <testcase name="testAverageUsingStream()" classname="com.csc.TestCalculator" time="0.031"/>
  <testcase name="testMinimumUsingForLoop()" classname="com.csc.TestCalculator" time="0.004"/>
  <testcase name="testMaximumUsingStream()" classname="com.csc.TestCalculator" time="0.005"/>
  <testcase name="testMaximumUsingForLoop()" classname="com.csc.TestCalculator" time="0.002"/>
  <testcase name="testSumUsingForLoop()" classname="com.csc.TestCalculator" time="0.0"/>
  <system-out><![CDATA[]]></system-out>
  <system-err><![CDATA[]]></system-err>
</testsuite>
