<?xml version="1.0" encoding="UTF-8"?>
<testsuite name="com.csc.TestCalculator" tests="8" skipped="0" failures="0" errors="0" timestamp="2024-12-09T03:12:35" hostname="Akshats-MacBook-Air.local" time="0.077">
  <properties/>
  <testcase name="testAverageUsingForLoop()" classname="com.csc.TestCalculator" time="0.029"/>
  <testcase name="testSumUsingStream()" classname="com.csc.TestCalculator" time="0.011"/>
  <testcase name="testMinimumUsingStream()" classname="com.csc.TestCalculator" time="0.004"/>
  <testcase name="testAverageUsingStream()" classname="com.csc.TestCalculator" time="0.004"/>
  <testcase name="testMinimumUsingForLoop()" classname="com.csc.TestCalculator" time="0.006"/>
  <testcase name="testMaximumUsingStream()" classname="com.csc.TestCalculator" time="0.003"/>
  <testcase name="testMaximumUsingForLoop()" classname="com.csc.TestCalculator" time="0.0"/>
  <testcase name="testSumUsingForLoop()" classname="com.csc.TestCalculator" time="0.001"/>
  <system-out><![CDATA[]]></system-out>
  <system-err><![CDATA[]]></system-err>
</testsuite>
